0 info it worked if it ends with ok
1 verbose cli [ '/usr/bin/node', '/usr/bin/npm', 'install', 'opendiff', '-g' ]
2 info using npm@1.4.3
3 info using node@v0.10.26
4 verbose node symlink /usr/bin/node
5 verbose cache add [ 'opendiff', null ]
6 verbose cache add name=undefined spec="opendiff" args=["opendiff",null]
7 verbose parsed url { protocol: null,
7 verbose parsed url   slashes: null,
7 verbose parsed url   auth: null,
7 verbose parsed url   host: null,
7 verbose parsed url   port: null,
7 verbose parsed url   hostname: null,
7 verbose parsed url   hash: null,
7 verbose parsed url   search: null,
7 verbose parsed url   query: null,
7 verbose parsed url   pathname: 'opendiff',
7 verbose parsed url   path: 'opendiff',
7 verbose parsed url   href: 'opendiff' }
8 silly lockFile 86a0b856-opendiff opendiff
9 verbose lock opendiff /home/dcorns/.npm/86a0b856-opendiff.lock
10 silly lockFile 86a0b856-opendiff opendiff
11 silly lockFile 86a0b856-opendiff opendiff
12 verbose addNamed [ 'opendiff', '' ]
13 verbose addNamed [ null, '*' ]
14 silly lockFile 8f18c04d-opendiff opendiff@
15 verbose lock opendiff@ /home/dcorns/.npm/8f18c04d-opendiff.lock
16 silly addNameRange { name: 'opendiff', range: '*', hasData: false }
17 verbose url raw opendiff
18 verbose url resolving [ 'https://registry.npmjs.org/', './opendiff' ]
19 verbose url resolved https://registry.npmjs.org/opendiff
20 info trying registry request attempt 1 at 02:30:28
21 http GET https://registry.npmjs.org/opendiff
22 http 404 https://registry.npmjs.org/opendiff
23 silly registry.get cb [ 404,
23 silly registry.get   { date: 'Mon, 10 Mar 2014 09:30:29 GMT',
23 silly registry.get     server: 'CouchDB/1.5.0 (Erlang OTP/R16B)',
23 silly registry.get     'content-type': 'application/json',
23 silly registry.get     via: '1.1 varnish',
23 silly registry.get     'cache-control': 'max-age=0',
23 silly registry.get     'content-length': '52',
23 silly registry.get     'accept-ranges': 'bytes',
23 silly registry.get     age: '0',
23 silly registry.get     'x-served-by': 'cache-v41-ASH, cache-lax1421-LAX',
23 silly registry.get     'x-cache': 'MISS, MISS',
23 silly registry.get     'x-cache-hits': '0, 0',
23 silly registry.get     'x-timer': 'S1394443829.070777655,VS0,VS-235,VE-149,VE149',
23 silly registry.get     'keep-alive': 'timeout=10, max=50',
23 silly registry.get     connection: 'Keep-Alive' } ]
24 silly lockFile 8f18c04d-opendiff opendiff@
25 silly lockFile 8f18c04d-opendiff opendiff@
26 error 404 'opendiff' is not in the npm registry.
26 error 404 You should bug the author to publish it
26 error 404
26 error 404 Note that you can also install from a
26 error 404 tarball, folder, or http url, or git url.
27 error System Linux 3.11.0-18-generic
28 error command "/usr/bin/node" "/usr/bin/npm" "install" "opendiff" "-g"
29 error cwd /home/dcorns/Projects/AlongTheWayII
30 error node -v v0.10.26
31 error npm -v 1.4.3
32 error code E404
33 verbose exit [ 1, true ]
